<?xml version="1.0" encoding="UTF-8"?>
<testng-results skipped="0" failed="0" ignored="0" total="3" passed="3">
  <reporter-output>
  </reporter-output>
  <suite name="Ibibo Test Automation Suite" duration-ms="77542" started-at="2019-07-16T19:54:56Z" finished-at="2019-07-16T19:56:14Z">
    <groups>
    </groups>
    <test name="Ibibo Entire Test Suite" duration-ms="77542" started-at="2019-07-16T19:54:56Z" finished-at="2019-07-16T19:56:14Z">
      <class name="com.ibibo.TestSuite.TS_ibibo_validationOfHomePageElements_SearchFlights_PriceOrder">
        <test-method status="PASS" signature="startTest()[pri:0, instance:com.ibibo.TestSuite.TS_ibibo_validationOfHomePageElements_SearchFlights_PriceOrder@3c756e4d]" name="startTest" is-config="true" duration-ms="5655" started-at="2019-07-16T19:54:51Z" finished-at="2019-07-16T19:54:56Z">
          <reporter-output>
          </reporter-output>
        </test-method> <!-- startTest -->
        <test-method status="PASS" signature="luanchApplication()[pri:0, instance:com.ibibo.TestSuite.TS_ibibo_validationOfHomePageElements_SearchFlights_PriceOrder@3c756e4d]" name="luanchApplication" is-config="true" duration-ms="31378" started-at="2019-07-16T19:54:56Z" finished-at="2019-07-16T19:55:28Z">
          <reporter-output>
          </reporter-output>
        </test-method> <!-- luanchApplication -->
        <test-method status="PASS" signature="validatePageElementsOfHomePage()[pri:0, instance:com.ibibo.TestSuite.TS_ibibo_validationOfHomePageElements_SearchFlights_PriceOrder@3c756e4d]" name="validatePageElementsOfHomePage" duration-ms="2176" started-at="2019-07-16T19:55:28Z" finished-at="2019-07-16T19:55:30Z">
          <reporter-output>
          </reporter-output>
        </test-method> <!-- validatePageElementsOfHomePage -->
        <test-method status="PASS" signature="searchFlight(java.util.Map)[pri:1, instance:com.ibibo.TestSuite.TS_ibibo_validationOfHomePageElements_SearchFlights_PriceOrder@3c756e4d]" name="searchFlight" duration-ms="21029" started-at="2019-07-16T19:55:30Z" data-provider="testDataInventory" finished-at="2019-07-16T19:55:51Z">
          <params>
            <param index="0">
              <value>
                <![CDATA[{DATE=19-July-2019, JOURNEY TYPE=One way, osVersion=Windows 10, DESTINATION=Mumbai, browserVersion=65.0, SOURCE=Bengalore, browserName=chrome, MONTH COUNT=0}]]>
              </value>
            </param>
          </params>
          <reporter-output>
          </reporter-output>
        </test-method> <!-- searchFlight -->
        <test-method status="PASS" signature="searchFlightInCostDecendingOrder()[pri:3, instance:com.ibibo.TestSuite.TS_ibibo_validationOfHomePageElements_SearchFlights_PriceOrder@3c756e4d]" name="searchFlightInCostDecendingOrder" duration-ms="20674" started-at="2019-07-16T19:55:51Z" finished-at="2019-07-16T19:56:12Z">
          <reporter-output>
          </reporter-output>
        </test-method> <!-- searchFlightInCostDecendingOrder -->
        <test-method status="FAIL" signature="endTest()[pri:0, instance:com.ibibo.TestSuite.TS_ibibo_validationOfHomePageElements_SearchFlights_PriceOrder@3c756e4d]" name="endTest" is-config="true" duration-ms="2028" started-at="2019-07-16T19:56:12Z" finished-at="2019-07-16T19:56:14Z">
          <exception class="org.openqa.selenium.WebDriverException">
            <message>
              <![CDATA[chrome not reachable
  (Session info: chrome=75.0.3770.100)
Build info: version: '3.141.59', revision: 'e82be7d358', time: '2018-11-14T08:17:03'
System info: host: 'BDC7-L-6441QZG', ip: '192.168.1.6', os.name: 'Windows 10', os.arch: 'amd64', os.version: '10.0', java.version: '1.8.0_201'
Driver info: org.openqa.selenium.chrome.ChromeDriver
Capabilities {acceptInsecureCerts: false, browserName: chrome, browserVersion: 75.0.3770.100, chrome: {chromedriverVersion: 75.0.3770.8 (681f24ea911fe7..., userDataDir: C:\Users\K5DD3~1.HAL\AppDat...}, goog:chromeOptions: {debuggerAddress: localhost:61918}, javascriptEnabled: true, networkConnectionEnabled: false, pageLoadStrategy: normal, platform: XP, platformName: XP, proxy: Proxy(), setWindowRect: true, strictFileInteractability: false, timeouts: {implicit: 0, pageLoad: 300000, script: 30000}, unhandledPromptBehavior: dismiss and notify}
Session ID: 0d810785d6dcf25e95adf5e82b6c6f1e]]>
            </message>
            <full-stacktrace>
              <![CDATA[org.openqa.selenium.WebDriverException: chrome not reachable
  (Session info: chrome=75.0.3770.100)
Build info: version: '3.141.59', revision: 'e82be7d358', time: '2018-11-14T08:17:03'
System info: host: 'BDC7-L-6441QZG', ip: '192.168.1.6', os.name: 'Windows 10', os.arch: 'amd64', os.version: '10.0', java.version: '1.8.0_201'
Driver info: org.openqa.selenium.chrome.ChromeDriver
Capabilities {acceptInsecureCerts: false, browserName: chrome, browserVersion: 75.0.3770.100, chrome: {chromedriverVersion: 75.0.3770.8 (681f24ea911fe7..., userDataDir: C:\Users\K5DD3~1.HAL\AppDat...}, goog:chromeOptions: {debuggerAddress: localhost:61918}, javascriptEnabled: true, networkConnectionEnabled: false, pageLoadStrategy: normal, platform: XP, platformName: XP, proxy: Proxy(), setWindowRect: true, strictFileInteractability: false, timeouts: {implicit: 0, pageLoad: 300000, script: 30000}, unhandledPromptBehavior: dismiss and notify}
Session ID: 0d810785d6dcf25e95adf5e82b6c6f1e
at sun.reflect.NativeConstructorAccessorImpl.newInstance0(Native Method)
at sun.reflect.NativeConstructorAccessorImpl.newInstance(NativeConstructorAccessorImpl.java:62)
at sun.reflect.DelegatingConstructorAccessorImpl.newInstance(DelegatingConstructorAccessorImpl.java:45)
at java.lang.reflect.Constructor.newInstance(Constructor.java:423)
at org.openqa.selenium.remote.http.W3CHttpResponseCodec.createException(W3CHttpResponseCodec.java:187)
at org.openqa.selenium.remote.http.W3CHttpResponseCodec.decode(W3CHttpResponseCodec.java:122)
at org.openqa.selenium.remote.http.W3CHttpResponseCodec.decode(W3CHttpResponseCodec.java:49)
at org.openqa.selenium.remote.HttpCommandExecutor.execute(HttpCommandExecutor.java:158)
at org.openqa.selenium.remote.service.DriverCommandExecutor.execute(DriverCommandExecutor.java:83)
at org.openqa.selenium.remote.RemoteWebDriver.execute(RemoteWebDriver.java:552)
at org.openqa.selenium.remote.RemoteWebDriver.execute(RemoteWebDriver.java:609)
at org.openqa.selenium.remote.RemoteWebDriver.close(RemoteWebDriver.java:442)
at com.ibibo.TestSuite.TS_ibibo_validationOfHomePageElements_SearchFlights_PriceOrder.endTest(TS_ibibo_validationOfHomePageElements_SearchFlights_PriceOrder.java:148)
at sun.reflect.NativeMethodAccessorImpl.invoke0(Native Method)
at sun.reflect.NativeMethodAccessorImpl.invoke(NativeMethodAccessorImpl.java:62)
at sun.reflect.DelegatingMethodAccessorImpl.invoke(DelegatingMethodAccessorImpl.java:43)
at java.lang.reflect.Method.invoke(Method.java:498)
at org.testng.internal.MethodInvocationHelper.invokeMethod(MethodInvocationHelper.java:124)
at org.testng.internal.MethodInvocationHelper.invokeMethodConsideringTimeout(MethodInvocationHelper.java:59)
at org.testng.internal.Invoker.invokeConfigurationMethod(Invoker.java:458)
at org.testng.internal.Invoker.invokeConfigurations(Invoker.java:222)
at org.testng.internal.Invoker.invokeConfigurations(Invoker.java:142)
at org.testng.TestRunner.afterRun(TestRunner.java:725)
at org.testng.TestRunner.run(TestRunner.java:509)
at org.testng.SuiteRunner.runTest(SuiteRunner.java:455)
at org.testng.SuiteRunner.access$000(SuiteRunner.java:40)
at org.testng.SuiteRunner$SuiteWorker.run(SuiteRunner.java:489)
at org.testng.internal.thread.ThreadUtil$1.call(ThreadUtil.java:52)
at java.util.concurrent.FutureTask.run(FutureTask.java:266)
at java.util.concurrent.ThreadPoolExecutor.runWorker(ThreadPoolExecutor.java:1149)
at java.util.concurrent.ThreadPoolExecutor$Worker.run(ThreadPoolExecutor.java:624)
at java.lang.Thread.run(Thread.java:748)
]]>
            </full-stacktrace>
          </exception> <!-- org.openqa.selenium.WebDriverException -->
          <reporter-output>
          </reporter-output>
        </test-method> <!-- endTest -->
      </class> <!-- com.ibibo.TestSuite.TS_ibibo_validationOfHomePageElements_SearchFlights_PriceOrder -->
    </test> <!-- Ibibo Entire Test Suite -->
  </suite> <!-- Ibibo Test Automation Suite -->
</testng-results>
