<?xml version="1.0" encoding="UTF-8"?>
<!-- Generated by org.testng.reporters.JUnitXMLReporter -->
<testsuite hostname="BDC7-L-6441QZG" name="Ibibo Entire Test Suite" tests="3" failures="0" timestamp="16 Jul 2019 18:38:31 GMT" time="203.764" errors="0">
  <testcase name="validatePageElementsOfHomePage" time="2.542" classname="com.ibibo.TestSuite.TS_ibibo_validationOfHomePageElements_SearchFlights_PriceOrder"/>
  <testcase name="searchFlight" time="20.518" classname="com.ibibo.TestSuite.TS_ibibo_validationOfHomePageElements_SearchFlights_PriceOrder"/>
  <testcase name="searchFlightInCostDecendingOrder" time="144.433" classname="com.ibibo.TestSuite.TS_ibibo_validationOfHomePageElements_SearchFlights_PriceOrder"/>
</testsuite> <!-- Ibibo Entire Test Suite -->
