<?xml version="1.0" encoding="UTF-8"?>
<!-- Generated by org.testng.reporters.JUnitXMLReporter -->
<testsuite hostname="BDC7-L-6441QZG" name="SearchFlightDetails" tests="2" failures="0" timestamp="16 Jul 2019 18:22:27 GMT" time="177.469" errors="0">
  <testcase name="searchFlight" time="24.326" classname="com.ibibo.TestSuite.TC_002_SearchFlight"/>
  <testcase name="searchFlightInCostDecendingOrder" time="151.127" classname="com.ibibo.TestSuite.TC_002_SearchFlight"/>
</testsuite> <!-- SearchFlightDetails -->
